# JRE version: OpenJDK Runtime Environment (21.0.3) (build 21.0.3+-12282718-b509.11)
# Java VM: OpenJDK 64-Bit Server VM (21.0.3+-12282718-b509.11, mixed mode, tiered, compressed oops, compressed class ptrs, g1 gc, windows-amd64)
GC Precious Log:
 CardTable entry size: 512
 Card Set container configuration: InlinePtr #cards 5 size 8 Array Of Cards #cards 12 size 40 Howl #buckets 4 coarsen threshold 1843 Howl Bitmap #cards 512 size 80 coarsen threshold 460 Card regions per heap region 1 cards per card region 2048
 CPUs: 8 total, 8 available
 Memory: 7103M
 Large Page Support: Disabled
 NUMA Support: Disabled
 Compressed Oops: Enabled (32-bit)
 Heap Region Size: 1M
 Heap Min Capacity: 8M
 Heap Initial Capacity: 112M
 Heap Max Capacity: 2G
 Pre-touch: Disabled
 Parallel Workers: 8
 Concurrent Workers: 2
 Concurrent Refinement Workers: 8
 Periodic GC: Disabled
Heap:
 garbage-first heap   total 128000K, used 78180K [0x0000000080000000, 0x0000000100000000)
  region size 1024K, 6 young (6144K), 5 survivors (5120K)
 Metaspace       used 77996K, committed 79808K, reserved 1179648K
  class space    used 10636K, committed 11520K, reserved 1048576K
GC Heap History (20 events):
Event: 7.458 GC heap before
{Heap before GC invocations=9 (full 0):
 garbage-first heap   total 89088K, used 73019K [0x0000000080000000, 0x0000000100000000)
  region size 1024K, 48 young (49152K), 6 survivors (6144K)
 Metaspace       used 46349K, committed 47552K, reserved 1114112K
  class space    used 6249K, committed 6848K, reserved 1048576K
}
Event: 7.468 GC heap after
{Heap after GC invocations=10 (full 0):
 garbage-first heap   total 89088K, used 33709K [0x0000000080000000, 0x0000000100000000)
  region size 1024K, 4 young (4096K), 4 survivors (4096K)
 Metaspace       used 46349K, committed 47552K, reserved 1114112K
  class space    used 6249K, committed 6848K, reserved 1048576K
}
Event: 8.324 GC heap before
{Heap before GC invocations=10 (full 0):
 garbage-first heap   total 89088K, used 75693K [0x0000000080000000, 0x0000000100000000)
  region size 1024K, 45 young (46080K), 4 survivors (4096K)
 Metaspace       used 50485K, committed 51904K, reserved 1114112K
  class space    used 6946K, committed 7616K, reserved 1048576K
}
Event: 8.329 GC heap after
{Heap after GC invocations=11 (full 0):
 garbage-first heap   total 107520K, used 35350K [0x0000000080000000, 0x0000000100000000)
  region size 1024K, 6 young (6144K), 6 survivors (6144K)
 Metaspace       used 50485K, committed 51904K, reserved 1114112K
  class space    used 6946K, committed 7616K, reserved 1048576K
}
Event: 9.668 GC heap before
{Heap before GC invocations=11 (full 0):
 garbage-first heap   total 107520K, used 92694K [0x0000000080000000, 0x0000000100000000)
  region size 1024K, 62 young (63488K), 6 survivors (6144K)
 Metaspace       used 59332K, committed 60800K, reserved 1114112K
  class space    used 8112K, committed 8832K, reserved 1048576K
}
Event: 9.676 GC heap after
{Heap after GC invocations=12 (full 0):
 garbage-first heap   total 107520K, used 38146K [0x0000000080000000, 0x0000000100000000)
  region size 1024K, 6 young (6144K), 6 survivors (6144K)
 Metaspace       used 59332K, committed 60800K, reserved 1114112K
  class space    used 8112K, committed 8832K, reserved 1048576K
}
Event: 11.348 GC heap before
{Heap before GC invocations=13 (full 0):
 garbage-first heap   total 107520K, used 93442K [0x0000000080000000, 0x0000000100000000)
  region size 1024K, 61 young (62464K), 6 survivors (6144K)
 Metaspace       used 64845K, committed 66432K, reserved 1114112K
  class space    used 8950K, committed 9728K, reserved 1048576K
}
Event: 11.358 GC heap after
{Heap after GC invocations=14 (full 0):
 garbage-first heap   total 107520K, used 43171K [0x0000000080000000, 0x0000000100000000)
  region size 1024K, 8 young (8192K), 8 survivors (8192K)
 Metaspace       used 64845K, committed 66432K, reserved 1114112K
  class space    used 8950K, committed 9728K, reserved 1048576K
}
Event: 11.955 GC heap before
{Heap before GC invocations=14 (full 0):
 garbage-first heap   total 107520K, used 92323K [0x0000000080000000, 0x0000000100000000)
  region size 1024K, 56 young (57344K), 8 survivors (8192K)
 Metaspace       used 65780K, committed 67392K, reserved 1114112K
  class space    used 9064K, committed 9856K, reserved 1048576K
}
Event: 11.967 GC heap after
{Heap after GC invocations=15 (full 0):
 garbage-first heap   total 107520K, used 46399K [0x0000000080000000, 0x0000000100000000)
  region size 1024K, 5 young (5120K), 5 survivors (5120K)
 Metaspace       used 65780K, committed 67392K, reserved 1114112K
  class space    used 9064K, committed 9856K, reserved 1048576K
}
Event: 12.371 GC heap before
{Heap before GC invocations=15 (full 0):
 garbage-first heap   total 107520K, used 93503K [0x0000000080000000, 0x0000000100000000)
  region size 1024K, 52 young (53248K), 5 survivors (5120K)
 Metaspace       used 66042K, committed 67648K, reserved 1114112K
  class space    used 9064K, committed 9856K, reserved 1048576K
}
Event: 12.378 GC heap after
{Heap after GC invocations=16 (full 0):
 garbage-first heap   total 107520K, used 47094K [0x0000000080000000, 0x0000000100000000)
  region size 1024K, 5 young (5120K), 5 survivors (5120K)
 Metaspace       used 66042K, committed 67648K, reserved 1114112K
  class space    used 9064K, committed 9856K, reserved 1048576K
}
Event: 12.701 GC heap before
{Heap before GC invocations=16 (full 0):
 garbage-first heap   total 107520K, used 95222K [0x0000000080000000, 0x0000000100000000)
  region size 1024K, 53 young (54272K), 5 survivors (5120K)
 Metaspace       used 66135K, committed 67712K, reserved 1114112K
  class space    used 9065K, committed 9856K, reserved 1048576K
}
Event: 12.709 GC heap after
{Heap after GC invocations=17 (full 0):
 garbage-first heap   total 107520K, used 48333K [0x0000000080000000, 0x0000000100000000)
  region size 1024K, 5 young (5120K), 5 survivors (5120K)
 Metaspace       used 66135K, committed 67712K, reserved 1114112K
  class space    used 9065K, committed 9856K, reserved 1048576K
}
Event: 13.354 GC heap before
{Heap before GC invocations=18 (full 0):
 garbage-first heap   total 108544K, used 106701K [0x0000000080000000, 0x0000000100000000)
  region size 1024K, 48 young (49152K), 5 survivors (5120K)
 Metaspace       used 67891K, committed 69568K, reserved 1114112K
  class space    used 9320K, committed 10112K, reserved 1048576K
}
Event: 13.365 GC heap after
{Heap after GC invocations=19 (full 0):
 garbage-first heap   total 121856K, used 70901K [0x0000000080000000, 0x0000000100000000)
  region size 1024K, 7 young (7168K), 7 survivors (7168K)
 Metaspace       used 67891K, committed 69568K, reserved 1114112K
  class space    used 9320K, committed 10112K, reserved 1048576K
}
Event: 14.079 GC heap before
{Heap before GC invocations=19 (full 0):
 garbage-first heap   total 121856K, used 104693K [0x0000000080000000, 0x0000000100000000)
  region size 1024K, 41 young (41984K), 7 survivors (7168K)
 Metaspace       used 70883K, committed 72640K, reserved 1114112K
  class space    used 9707K, committed 10624K, reserved 1048576K
}
Event: 14.084 GC heap after
{Heap after GC invocations=20 (full 0):
 garbage-first heap   total 121856K, used 72394K [0x0000000080000000, 0x0000000100000000)
  region size 1024K, 2 young (2048K), 2 survivors (2048K)
 Metaspace       used 70883K, committed 72640K, reserved 1114112K
  class space    used 9707K, committed 10624K, reserved 1048576K
}
Event: 14.761 GC heap before
{Heap before GC invocations=20 (full 0):
 garbage-first heap   total 121856K, used 108234K [0x0000000080000000, 0x0000000100000000)
  region size 1024K, 37 young (37888K), 2 survivors (2048K)
 Metaspace       used 75065K, committed 76864K, reserved 1179648K
  class space    used 10260K, committed 11136K, reserved 1048576K
}
Event: 14.767 GC heap after
{Heap after GC invocations=21 (full 0):
 garbage-first heap   total 121856K, used 72925K [0x0000000080000000, 0x0000000100000000)
  region size 1024K, 3 young (3072K), 3 survivors (3072K)
 Metaspace       used 75065K, committed 76864K, reserved 1179648K
  class space    used 10260K, committed 11136K, reserved 1048576K
}

