# JRE version: OpenJDK Runtime Environment (21.0.3) (build 21.0.3+-12282718-b509.11)
# Java VM: OpenJDK 64-Bit Server VM (21.0.3+-12282718-b509.11, mixed mode, tiered, compressed oops, compressed class ptrs, g1 gc, windows-amd64)
GC Precious Log:
 CardTable entry size: 512
 Card Set container configuration: InlinePtr #cards 5 size 8 Array Of Cards #cards 12 size 40 Howl #buckets 4 coarsen threshold 1843 Howl Bitmap #cards 512 size 80 coarsen threshold 460 Card regions per heap region 1 cards per card region 2048
 CPUs: 8 total, 8 available
 Memory: 7103M
 Large Page Support: Disabled
 NUMA Support: Disabled
 Compressed Oops: Enabled (32-bit)
 Heap Region Size: 1M
 Heap Min Capacity: 8M
 Heap Initial Capacity: 112M
 Heap Max Capacity: 2G
 Pre-touch: Disabled
 Parallel Workers: 8
 Concurrent Workers: 2
 Concurrent Refinement Workers: 8
 Periodic GC: Disabled
Heap:
 garbage-first heap   total 148480K, used 95321K [0x0000000080000000, 0x0000000100000000)
  region size 1024K, 13 young (13312K), 4 survivors (4096K)
 Metaspace       used 86789K, committed 88640K, reserved 1179648K
  class space    used 11781K, committed 12736K, reserved 1048576K
GC Heap History (20 events):
Event: 11.895 GC heap before
{Heap before GC invocations=14 (full 0):
 garbage-first heap   total 107520K, used 91531K [0x0000000080000000, 0x0000000100000000)
  region size 1024K, 56 young (57344K), 8 survivors (8192K)
 Metaspace       used 65918K, committed 67520K, reserved 1114112K
  class space    used 9085K, committed 9856K, reserved 1048576K
}
Event: 11.903 GC heap after
{Heap after GC invocations=15 (full 0):
 garbage-first heap   total 107520K, used 45987K [0x0000000080000000, 0x0000000100000000)
  region size 1024K, 5 young (5120K), 5 survivors (5120K)
 Metaspace       used 65918K, committed 67520K, reserved 1114112K
  class space    used 9085K, committed 9856K, reserved 1048576K
}
Event: 12.232 GC heap before
{Heap before GC invocations=15 (full 0):
 garbage-first heap   total 107520K, used 93091K [0x0000000080000000, 0x0000000100000000)
  region size 1024K, 52 young (53248K), 5 survivors (5120K)
 Metaspace       used 66142K, committed 67712K, reserved 1114112K
  class space    used 9085K, committed 9856K, reserved 1048576K
}
Event: 12.236 GC heap after
{Heap after GC invocations=16 (full 0):
 garbage-first heap   total 107520K, used 46954K [0x0000000080000000, 0x0000000100000000)
  region size 1024K, 6 young (6144K), 6 survivors (6144K)
 Metaspace       used 66142K, committed 67712K, reserved 1114112K
  class space    used 9085K, committed 9856K, reserved 1048576K
}
Event: 12.493 GC heap before
{Heap before GC invocations=16 (full 0):
 garbage-first heap   total 107520K, used 93034K [0x0000000080000000, 0x0000000100000000)
  region size 1024K, 52 young (53248K), 6 survivors (6144K)
 Metaspace       used 66212K, committed 67776K, reserved 1114112K
  class space    used 9085K, committed 9856K, reserved 1048576K
}
Event: 12.498 GC heap after
{Heap after GC invocations=17 (full 0):
 garbage-first heap   total 107520K, used 47990K [0x0000000080000000, 0x0000000100000000)
  region size 1024K, 5 young (5120K), 5 survivors (5120K)
 Metaspace       used 66212K, committed 67776K, reserved 1114112K
  class space    used 9085K, committed 9856K, reserved 1048576K
}
Event: 13.165 GC heap before
{Heap before GC invocations=18 (full 0):
 garbage-first heap   total 107520K, used 105334K [0x0000000080000000, 0x0000000100000000)
  region size 1024K, 48 young (49152K), 5 survivors (5120K)
 Metaspace       used 67905K, committed 69504K, reserved 1114112K
  class space    used 9331K, committed 10112K, reserved 1048576K
}
Event: 13.172 GC heap after
{Heap after GC invocations=19 (full 0):
 garbage-first heap   total 119808K, used 69051K [0x0000000080000000, 0x0000000100000000)
  region size 1024K, 7 young (7168K), 7 survivors (7168K)
 Metaspace       used 67905K, committed 69504K, reserved 1114112K
  class space    used 9331K, committed 10112K, reserved 1048576K
}
Event: 13.768 GC heap before
{Heap before GC invocations=19 (full 0):
 garbage-first heap   total 119808K, used 103867K [0x0000000080000000, 0x0000000100000000)
  region size 1024K, 41 young (41984K), 7 survivors (7168K)
 Metaspace       used 70923K, committed 72576K, reserved 1114112K
  class space    used 9717K, committed 10560K, reserved 1048576K
}
Event: 13.773 GC heap after
{Heap after GC invocations=20 (full 0):
 garbage-first heap   total 119808K, used 71722K [0x0000000080000000, 0x0000000100000000)
  region size 1024K, 2 young (2048K), 2 survivors (2048K)
 Metaspace       used 70923K, committed 72576K, reserved 1114112K
  class space    used 9717K, committed 10560K, reserved 1048576K
}
Event: 14.541 GC heap before
{Heap before GC invocations=20 (full 0):
 garbage-first heap   total 119808K, used 106538K [0x0000000080000000, 0x0000000100000000)
  region size 1024K, 36 young (36864K), 2 survivors (2048K)
 Metaspace       used 74928K, committed 76672K, reserved 1179648K
  class space    used 10234K, committed 11072K, reserved 1048576K
}
Event: 14.545 GC heap after
{Heap after GC invocations=21 (full 0):
 garbage-first heap   total 119808K, used 72354K [0x0000000080000000, 0x0000000100000000)
  region size 1024K, 3 young (3072K), 3 survivors (3072K)
 Metaspace       used 74928K, committed 76672K, reserved 1179648K
  class space    used 10234K, committed 11072K, reserved 1048576K
}
Event: 15.230 GC heap before
{Heap before GC invocations=22 (full 0):
 garbage-first heap   total 126976K, used 113314K [0x0000000080000000, 0x0000000100000000)
  region size 1024K, 38 young (38912K), 3 survivors (3072K)
 Metaspace       used 77832K, committed 79616K, reserved 1179648K
  class space    used 10622K, committed 11520K, reserved 1048576K
}
Event: 15.235 GC heap after
{Heap after GC invocations=23 (full 0):
 garbage-first heap   total 126976K, used 77392K [0x0000000080000000, 0x0000000100000000)
  region size 1024K, 5 young (5120K), 5 survivors (5120K)
 Metaspace       used 77832K, committed 79616K, reserved 1179648K
  class space    used 10622K, committed 11520K, reserved 1048576K
}
Event: 15.855 GC heap before
{Heap before GC invocations=23 (full 0):
 garbage-first heap   total 126976K, used 113232K [0x0000000080000000, 0x0000000100000000)
  region size 1024K, 41 young (41984K), 5 survivors (5120K)
 Metaspace       used 80606K, committed 82368K, reserved 1179648K
  class space    used 10964K, committed 11840K, reserved 1048576K
}
Event: 15.861 GC heap after
{Heap after GC invocations=24 (full 0):
 garbage-first heap   total 126976K, used 79387K [0x0000000080000000, 0x0000000100000000)
  region size 1024K, 6 young (6144K), 6 survivors (6144K)
 Metaspace       used 80606K, committed 82368K, reserved 1179648K
  class space    used 10964K, committed 11840K, reserved 1048576K
}
Event: 16.499 GC heap before
{Heap before GC invocations=24 (full 0):
 garbage-first heap   total 126976K, used 100891K [0x0000000080000000, 0x0000000100000000)
  region size 1024K, 28 young (28672K), 6 survivors (6144K)
 Metaspace       used 83199K, committed 85056K, reserved 1179648K
  class space    used 11317K, committed 12224K, reserved 1048576K
}
Event: 16.504 GC heap after
{Heap after GC invocations=25 (full 0):
 garbage-first heap   total 126976K, used 80488K [0x0000000080000000, 0x0000000100000000)
  region size 1024K, 4 young (4096K), 4 survivors (4096K)
 Metaspace       used 83199K, committed 85056K, reserved 1179648K
  class space    used 11317K, committed 12224K, reserved 1048576K
}
Event: 17.280 GC heap before
{Heap before GC invocations=26 (full 0):
 garbage-first heap   total 148480K, used 117352K [0x0000000080000000, 0x0000000100000000)
  region size 1024K, 36 young (36864K), 4 survivors (4096K)
 Metaspace       used 86147K, committed 88000K, reserved 1179648K
  class space    used 11688K, committed 12608K, reserved 1048576K
}
Event: 17.286 GC heap after
{Heap after GC invocations=27 (full 0):
 garbage-first heap   total 148480K, used 87129K [0x0000000080000000, 0x0000000100000000)
  region size 1024K, 4 young (4096K), 4 survivors (4096K)
 Metaspace       used 86147K, committed 88000K, reserved 1179648K
  class space    used 11688K, committed 12608K, reserved 1048576K
}

