# JRE version: OpenJDK Runtime Environment (21.0.3) (build 21.0.3+-12282718-b509.11)
# Java VM: OpenJDK 64-Bit Server VM (21.0.3+-12282718-b509.11, mixed mode, tiered, compressed oops, compressed class ptrs, g1 gc, windows-amd64)
GC Precious Log:
 CardTable entry size: 512
 Card Set container configuration: InlinePtr #cards 5 size 8 Array Of Cards #cards 12 size 40 Howl #buckets 4 coarsen threshold 1843 Howl Bitmap #cards 512 size 80 coarsen threshold 460 Card regions per heap region 1 cards per card region 2048
 CPUs: 8 total, 8 available
 Memory: 7103M
 Large Page Support: Disabled
 NUMA Support: Disabled
 Compressed Oops: Enabled (32-bit)
 Heap Region Size: 1M
 Heap Min Capacity: 8M
 Heap Initial Capacity: 112M
 Heap Max Capacity: 2G
 Pre-touch: Disabled
 Parallel Workers: 8
 Concurrent Workers: 2
 Concurrent Refinement Workers: 8
 Periodic GC: Disabled
Heap:
 garbage-first heap   total 130048K, used 73914K [0x0000000080000000, 0x0000000100000000)
  region size 1024K, 4 young (4096K), 4 survivors (4096K)
 Metaspace       used 76814K, committed 78592K, reserved 1179648K
  class space    used 10474K, committed 11392K, reserved 1048576K
GC Heap History (20 events):
Event: 7.487 GC heap after
{Heap after GC invocations=9 (full 0):
 garbage-first heap   total 92160K, used 31032K [0x0000000080000000, 0x0000000100000000)
  region size 1024K, 7 young (7168K), 7 survivors (7168K)
 Metaspace       used 44318K, committed 45504K, reserved 1114112K
  class space    used 6004K, committed 6592K, reserved 1048576K
}
Event: 7.958 GC heap before
{Heap before GC invocations=9 (full 0):
 garbage-first heap   total 92160K, used 76088K [0x0000000080000000, 0x0000000100000000)
  region size 1024K, 51 young (52224K), 7 survivors (7168K)
 Metaspace       used 46320K, committed 47552K, reserved 1114112K
  class space    used 6247K, committed 6848K, reserved 1048576K
}
Event: 7.967 GC heap after
{Heap after GC invocations=10 (full 0):
 garbage-first heap   total 92160K, used 33113K [0x0000000080000000, 0x0000000100000000)
  region size 1024K, 3 young (3072K), 3 survivors (3072K)
 Metaspace       used 46320K, committed 47552K, reserved 1114112K
  class space    used 6247K, committed 6848K, reserved 1048576K
}
Event: 8.941 GC heap before
{Heap before GC invocations=10 (full 0):
 garbage-first heap   total 92160K, used 78169K [0x0000000080000000, 0x0000000100000000)
  region size 1024K, 47 young (48128K), 3 survivors (3072K)
 Metaspace       used 51608K, committed 53056K, reserved 1114112K
  class space    used 7121K, committed 7808K, reserved 1048576K
}
Event: 8.946 GC heap after
{Heap after GC invocations=11 (full 0):
 garbage-first heap   total 110592K, used 35290K [0x0000000080000000, 0x0000000100000000)
  region size 1024K, 5 young (5120K), 5 survivors (5120K)
 Metaspace       used 51608K, committed 53056K, reserved 1114112K
  class space    used 7121K, committed 7808K, reserved 1048576K
}
Event: 10.240 GC heap before
{Heap before GC invocations=11 (full 0):
 garbage-first heap   total 110592K, used 89562K [0x0000000080000000, 0x0000000100000000)
  region size 1024K, 57 young (58368K), 5 survivors (5120K)
 Metaspace       used 59630K, committed 61056K, reserved 1114112K
  class space    used 8157K, committed 8896K, reserved 1048576K
}
Event: 10.247 GC heap after
{Heap after GC invocations=12 (full 0):
 garbage-first heap   total 110592K, used 38026K [0x0000000080000000, 0x0000000100000000)
  region size 1024K, 6 young (6144K), 6 survivors (6144K)
 Metaspace       used 59630K, committed 61056K, reserved 1114112K
  class space    used 8157K, committed 8896K, reserved 1048576K
}
Event: 11.801 GC heap before
{Heap before GC invocations=13 (full 0):
 garbage-first heap   total 110592K, used 97418K [0x0000000080000000, 0x0000000100000000)
  region size 1024K, 64 young (65536K), 6 survivors (6144K)
 Metaspace       used 65209K, committed 66752K, reserved 1114112K
  class space    used 9014K, committed 9792K, reserved 1048576K
}
Event: 11.813 GC heap after
{Heap after GC invocations=14 (full 0):
 garbage-first heap   total 110592K, used 43654K [0x0000000080000000, 0x0000000100000000)
  region size 1024K, 8 young (8192K), 8 survivors (8192K)
 Metaspace       used 65209K, committed 66752K, reserved 1114112K
  class space    used 9014K, committed 9792K, reserved 1048576K
}
Event: 12.317 GC heap before
{Heap before GC invocations=14 (full 0):
 garbage-first heap   total 110592K, used 94854K [0x0000000080000000, 0x0000000100000000)
  region size 1024K, 59 young (60416K), 8 survivors (8192K)
 Metaspace       used 65869K, committed 67392K, reserved 1114112K
  class space    used 9076K, committed 9856K, reserved 1048576K
}
Event: 12.328 GC heap after
{Heap after GC invocations=15 (full 0):
 garbage-first heap   total 110592K, used 46322K [0x0000000080000000, 0x0000000100000000)
  region size 1024K, 4 young (4096K), 4 survivors (4096K)
 Metaspace       used 65869K, committed 67392K, reserved 1114112K
  class space    used 9076K, committed 9856K, reserved 1048576K
}
Event: 12.658 GC heap before
{Heap before GC invocations=15 (full 0):
 garbage-first heap   total 110592K, used 96498K [0x0000000080000000, 0x0000000100000000)
  region size 1024K, 54 young (55296K), 4 survivors (4096K)
 Metaspace       used 66129K, committed 67648K, reserved 1114112K
  class space    used 9076K, committed 9856K, reserved 1048576K
}
Event: 12.663 GC heap after
{Heap after GC invocations=16 (full 0):
 garbage-first heap   total 110592K, used 46959K [0x0000000080000000, 0x0000000100000000)
  region size 1024K, 5 young (5120K), 5 survivors (5120K)
 Metaspace       used 66129K, committed 67648K, reserved 1114112K
  class space    used 9076K, committed 9856K, reserved 1048576K
}
Event: 12.953 GC heap before
{Heap before GC invocations=16 (full 0):
 garbage-first heap   total 110592K, used 97135K [0x0000000080000000, 0x0000000100000000)
  region size 1024K, 55 young (56320K), 5 survivors (5120K)
 Metaspace       used 66361K, committed 67904K, reserved 1114112K
  class space    used 9111K, committed 9856K, reserved 1048576K
}
Event: 12.960 GC heap after
{Heap after GC invocations=17 (full 0):
 garbage-first heap   total 110592K, used 48711K [0x0000000080000000, 0x0000000100000000)
  region size 1024K, 5 young (5120K), 5 survivors (5120K)
 Metaspace       used 66361K, committed 67904K, reserved 1114112K
  class space    used 9111K, committed 9856K, reserved 1048576K
}
Event: 13.725 GC heap before
{Heap before GC invocations=18 (full 0):
 garbage-first heap   total 110592K, used 109127K [0x0000000080000000, 0x0000000100000000)
  region size 1024K, 50 young (51200K), 5 survivors (5120K)
 Metaspace       used 69305K, committed 70976K, reserved 1114112K
  class space    used 9509K, committed 10304K, reserved 1048576K
}
Event: 13.736 GC heap after
{Heap after GC invocations=19 (full 0):
 garbage-first heap   total 123904K, used 70953K [0x0000000080000000, 0x0000000100000000)
  region size 1024K, 7 young (7168K), 7 survivors (7168K)
 Metaspace       used 69305K, committed 70976K, reserved 1114112K
  class space    used 9509K, committed 10304K, reserved 1048576K
}
Event: 14.495 GC heap before
{Heap before GC invocations=19 (full 0):
 garbage-first heap   total 123904K, used 107817K [0x0000000080000000, 0x0000000100000000)
  region size 1024K, 44 young (45056K), 7 survivors (7168K)
 Metaspace       used 73292K, committed 75008K, reserved 1114112K
  class space    used 9961K, committed 10816K, reserved 1048576K
}
Event: 14.505 GC heap after
{Heap after GC invocations=20 (full 0):
 garbage-first heap   total 123904K, used 71690K [0x0000000080000000, 0x0000000100000000)
  region size 1024K, 2 young (2048K), 2 survivors (2048K)
 Metaspace       used 73292K, committed 75008K, reserved 1114112K
  class space    used 9961K, committed 10816K, reserved 1048576K
}
Event: 15.106 GC heap before
{Heap before GC invocations=20 (full 0):
 garbage-first heap   total 123904K, used 98314K [0x0000000080000000, 0x0000000100000000)
  region size 1024K, 29 young (29696K), 2 survivors (2048K)
 Metaspace       used 76814K, committed 78592K, reserved 1179648K
  class space    used 10474K, committed 11392K, reserved 1048576K
}

