# JRE version: OpenJDK Runtime Environment (21.0.3) (build 21.0.3+-12282718-b509.11)
# Java VM: OpenJDK 64-Bit Server VM (21.0.3+-12282718-b509.11, mixed mode, tiered, compressed oops, compressed class ptrs, g1 gc, windows-amd64)
GC Precious Log:
 CardTable entry size: 512
 Card Set container configuration: InlinePtr #cards 5 size 8 Array Of Cards #cards 12 size 40 Howl #buckets 4 coarsen threshold 1843 Howl Bitmap #cards 512 size 80 coarsen threshold 460 Card regions per heap region 1 cards per card region 2048
 CPUs: 8 total, 8 available
 Memory: 7103M
 Large Page Support: Disabled
 NUMA Support: Disabled
 Compressed Oops: Enabled (32-bit)
 Heap Region Size: 1M
 Heap Min Capacity: 8M
 Heap Initial Capacity: 112M
 Heap Max Capacity: 2G
 Pre-touch: Disabled
 Parallel Workers: 8
 Concurrent Workers: 2
 Concurrent Refinement Workers: 8
 Periodic GC: Disabled
Heap:
 garbage-first heap   total 168960K, used 119240K [0x0000000080000000, 0x0000000100000000)
  region size 1024K, 15 young (15360K), 4 survivors (4096K)
 Metaspace       used 87805K, committed 89664K, reserved 1179648K
  class space    used 12292K, committed 13184K, reserved 1048576K
GC Heap History (20 events):
Event: 10.992 GC heap before
{Heap before GC invocations=22 (full 0):
 garbage-first heap   total 126976K, used 109448K [0x0000000080000000, 0x0000000100000000)
  region size 1024K, 37 young (37888K), 4 survivors (4096K)
 Metaspace       used 66540K, committed 68160K, reserved 1114112K
  class space    used 9090K, committed 9856K, reserved 1048576K
}
Event: 10.998 GC heap after
{Heap after GC invocations=23 (full 0):
 garbage-first heap   total 126976K, used 77572K [0x0000000080000000, 0x0000000100000000)
  region size 1024K, 4 young (4096K), 4 survivors (4096K)
 Metaspace       used 66540K, committed 68160K, reserved 1114112K
  class space    used 9090K, committed 9856K, reserved 1048576K
}
Event: 11.809 GC heap before
{Heap before GC invocations=24 (full 0):
 garbage-first heap   total 137216K, used 111364K [0x0000000080000000, 0x0000000100000000)
  region size 1024K, 37 young (37888K), 4 survivors (4096K)
 Metaspace       used 70015K, committed 71808K, reserved 1114112K
  class space    used 9673K, committed 10560K, reserved 1048576K
}
Event: 11.814 GC heap after
{Heap after GC invocations=25 (full 0):
 garbage-first heap   total 137216K, used 79570K [0x0000000080000000, 0x0000000100000000)
  region size 1024K, 4 young (4096K), 4 survivors (4096K)
 Metaspace       used 70015K, committed 71808K, reserved 1114112K
  class space    used 9673K, committed 10560K, reserved 1048576K
}
Event: 13.345 GC heap before
{Heap before GC invocations=25 (full 0):
 garbage-first heap   total 137216K, used 119506K [0x0000000080000000, 0x0000000100000000)
  region size 1024K, 44 young (45056K), 4 survivors (4096K)
 Metaspace       used 72226K, committed 73984K, reserved 1114112K
  class space    used 9943K, committed 10816K, reserved 1048576K
}
Event: 13.355 GC heap after
{Heap after GC invocations=26 (full 0):
 garbage-first heap   total 137216K, used 83795K [0x0000000080000000, 0x0000000100000000)
  region size 1024K, 6 young (6144K), 6 survivors (6144K)
 Metaspace       used 72226K, committed 73984K, reserved 1114112K
  class space    used 9943K, committed 10816K, reserved 1048576K
}
Event: 13.695 GC heap before
{Heap before GC invocations=26 (full 0):
 garbage-first heap   total 137216K, used 120659K [0x0000000080000000, 0x0000000100000000)
  region size 1024K, 43 young (44032K), 6 survivors (6144K)
 Metaspace       used 72507K, committed 74240K, reserved 1114112K
  class space    used 9944K, committed 10816K, reserved 1048576K
}
Event: 13.703 GC heap after
{Heap after GC invocations=27 (full 0):
 garbage-first heap   total 137216K, used 86152K [0x0000000080000000, 0x0000000100000000)
  region size 1024K, 4 young (4096K), 4 survivors (4096K)
 Metaspace       used 72507K, committed 74240K, reserved 1114112K
  class space    used 9944K, committed 10816K, reserved 1048576K
}
Event: 14.032 GC heap before
{Heap before GC invocations=28 (full 0):
 garbage-first heap   total 155648K, used 121992K [0x0000000080000000, 0x0000000100000000)
  region size 1024K, 40 young (40960K), 4 survivors (4096K)
 Metaspace       used 72618K, committed 74368K, reserved 1114112K
  class space    used 9944K, committed 10816K, reserved 1048576K
}
Event: 14.037 GC heap after
{Heap after GC invocations=29 (full 0):
 garbage-first heap   total 155648K, used 86890K [0x0000000080000000, 0x0000000100000000)
  region size 1024K, 3 young (3072K), 3 survivors (3072K)
 Metaspace       used 72618K, committed 74368K, reserved 1114112K
  class space    used 9944K, committed 10816K, reserved 1048576K
}
Event: 14.333 GC heap before
{Heap before GC invocations=29 (full 0):
 garbage-first heap   total 155648K, used 137066K [0x0000000080000000, 0x0000000100000000)
  region size 1024K, 53 young (54272K), 3 survivors (3072K)
 Metaspace       used 72641K, committed 74368K, reserved 1114112K
  class space    used 9945K, committed 10816K, reserved 1048576K
}
Event: 14.339 GC heap after
{Heap after GC invocations=30 (full 0):
 garbage-first heap   total 155648K, used 87428K [0x0000000080000000, 0x0000000100000000)
  region size 1024K, 5 young (5120K), 5 survivors (5120K)
 Metaspace       used 72641K, committed 74368K, reserved 1114112K
  class space    used 9945K, committed 10816K, reserved 1048576K
}
Event: 15.110 GC heap before
{Heap before GC invocations=30 (full 0):
 garbage-first heap   total 155648K, used 137604K [0x0000000080000000, 0x0000000100000000)
  region size 1024K, 55 young (56320K), 5 survivors (5120K)
 Metaspace       used 77811K, committed 79552K, reserved 1179648K
  class space    used 11059K, committed 11968K, reserved 1048576K
}
Event: 15.116 GC heap after
{Heap after GC invocations=31 (full 0):
 garbage-first heap   total 155648K, used 88967K [0x0000000080000000, 0x0000000100000000)
  region size 1024K, 5 young (5120K), 5 survivors (5120K)
 Metaspace       used 77811K, committed 79552K, reserved 1179648K
  class space    used 11059K, committed 11968K, reserved 1048576K
}
Event: 16.241 GC heap before
{Heap before GC invocations=32 (full 0):
 garbage-first heap   total 155648K, used 139143K [0x0000000080000000, 0x0000000100000000)
  region size 1024K, 55 young (56320K), 5 survivors (5120K)
 Metaspace       used 85838K, committed 87616K, reserved 1179648K
  class space    used 12072K, committed 12992K, reserved 1048576K
}
Event: 16.247 GC heap after
{Heap after GC invocations=33 (full 0):
 garbage-first heap   total 155648K, used 90281K [0x0000000080000000, 0x0000000100000000)
  region size 1024K, 5 young (5120K), 5 survivors (5120K)
 Metaspace       used 85838K, committed 87616K, reserved 1179648K
  class space    used 12072K, committed 12992K, reserved 1048576K
}
Event: 16.729 GC heap before
{Heap before GC invocations=33 (full 0):
 garbage-first heap   total 155648K, used 149673K [0x0000000080000000, 0x0000000100000000)
  region size 1024K, 54 young (55296K), 5 survivors (5120K)
 Metaspace       used 87800K, committed 89664K, reserved 1179648K
  class space    used 12292K, committed 13184K, reserved 1048576K
}
Event: 16.748 GC heap after
{Heap after GC invocations=34 (full 0):
 garbage-first heap   total 168960K, used 104146K [0x0000000080000000, 0x0000000100000000)
  region size 1024K, 7 young (7168K), 7 survivors (7168K)
 Metaspace       used 87800K, committed 89664K, reserved 1179648K
  class space    used 12292K, committed 13184K, reserved 1048576K
}
Event: 16.811 GC heap before
{Heap before GC invocations=34 (full 0):
 garbage-first heap   total 168960K, used 112338K [0x0000000080000000, 0x0000000100000000)
  region size 1024K, 16 young (16384K), 7 survivors (7168K)
 Metaspace       used 87802K, committed 89664K, reserved 1179648K
  class space    used 12292K, committed 13184K, reserved 1048576K
}
Event: 16.820 GC heap after
{Heap after GC invocations=35 (full 0):
 garbage-first heap   total 168960K, used 105928K [0x0000000080000000, 0x0000000100000000)
  region size 1024K, 4 young (4096K), 4 survivors (4096K)
 Metaspace       used 87802K, committed 89664K, reserved 1179648K
  class space    used 12292K, committed 13184K, reserved 1048576K
}

