# JRE version: OpenJDK Runtime Environment (21.0.3) (build 21.0.3+-12282718-b509.11)
# Java VM: OpenJDK 64-Bit Server VM (21.0.3+-12282718-b509.11, mixed mode, tiered, compressed oops, compressed class ptrs, g1 gc, windows-amd64)
GC Precious Log:
 CardTable entry size: 512
 Card Set container configuration: InlinePtr #cards 5 size 8 Array Of Cards #cards 12 size 40 Howl #buckets 4 coarsen threshold 1843 Howl Bitmap #cards 512 size 80 coarsen threshold 460 Card regions per heap region 1 cards per card region 2048
 CPUs: 8 total, 8 available
 Memory: 7103M
 Large Page Support: Disabled
 NUMA Support: Disabled
 Compressed Oops: Enabled (32-bit)
 Heap Region Size: 1M
 Heap Min Capacity: 8M
 Heap Initial Capacity: 112M
 Heap Max Capacity: 2G
 Pre-touch: Disabled
 Parallel Workers: 8
 Concurrent Workers: 2
 Concurrent Refinement Workers: 8
 Periodic GC: Disabled
Heap:
 garbage-first heap   total 129024K, used 88583K [0x0000000080000000, 0x0000000100000000)
  region size 1024K, 14 young (14336K), 3 survivors (3072K)
 Metaspace       used 76727K, committed 78528K, reserved 1179648K
  class space    used 10448K, committed 11328K, reserved 1048576K
GC Heap History (20 events):
Event: 9.833 GC heap before
{Heap before GC invocations=14 (full 0):
 garbage-first heap   total 89088K, used 79093K [0x0000000080000000, 0x0000000100000000)
  region size 1024K, 43 young (44032K), 3 survivors (3072K)
 Metaspace       used 64345K, committed 65920K, reserved 1114112K
  class space    used 8908K, committed 9664K, reserved 1048576K
}
Event: 9.839 GC heap after
{Heap after GC invocations=15 (full 0):
 garbage-first heap   total 89088K, used 41286K [0x0000000080000000, 0x0000000100000000)
  region size 1024K, 6 young (6144K), 6 survivors (6144K)
 Metaspace       used 64345K, committed 65920K, reserved 1114112K
  class space    used 8908K, committed 9664K, reserved 1048576K
}
Event: 10.613 GC heap before
{Heap before GC invocations=15 (full 0):
 garbage-first heap   total 89088K, used 76102K [0x0000000080000000, 0x0000000100000000)
  region size 1024K, 41 young (41984K), 6 survivors (6144K)
 Metaspace       used 65451K, committed 67008K, reserved 1114112K
  class space    used 9032K, committed 9792K, reserved 1048576K
}
Event: 10.621 GC heap after
{Heap after GC invocations=16 (full 0):
 garbage-first heap   total 89088K, used 44701K [0x0000000080000000, 0x0000000100000000)
  region size 1024K, 6 young (6144K), 6 survivors (6144K)
 Metaspace       used 65451K, committed 67008K, reserved 1114112K
  class space    used 9032K, committed 9792K, reserved 1048576K
}
Event: 11.156 GC heap before
{Heap before GC invocations=16 (full 0):
 garbage-first heap   total 89088K, used 76445K [0x0000000080000000, 0x0000000100000000)
  region size 1024K, 38 young (38912K), 6 survivors (6144K)
 Metaspace       used 65916K, committed 67520K, reserved 1114112K
  class space    used 9060K, committed 9856K, reserved 1048576K
}
Event: 11.162 GC heap after
{Heap after GC invocations=17 (full 0):
 garbage-first heap   total 89088K, used 47145K [0x0000000080000000, 0x0000000100000000)
  region size 1024K, 4 young (4096K), 4 survivors (4096K)
 Metaspace       used 65916K, committed 67520K, reserved 1114112K
  class space    used 9060K, committed 9856K, reserved 1048576K
}
Event: 11.531 GC heap before
{Heap before GC invocations=17 (full 0):
 garbage-first heap   total 89088K, used 77865K [0x0000000080000000, 0x0000000100000000)
  region size 1024K, 35 young (35840K), 4 survivors (4096K)
 Metaspace       used 66101K, committed 67712K, reserved 1114112K
  class space    used 9060K, committed 9856K, reserved 1048576K
}
Event: 11.535 GC heap after
{Heap after GC invocations=18 (full 0):
 garbage-first heap   total 107520K, used 48132K [0x0000000080000000, 0x0000000100000000)
  region size 1024K, 4 young (4096K), 4 survivors (4096K)
 Metaspace       used 66101K, committed 67712K, reserved 1114112K
  class space    used 9060K, committed 9856K, reserved 1048576K
}
Event: 11.889 GC heap before
{Heap before GC invocations=19 (full 0):
 garbage-first heap   total 107520K, used 94212K [0x0000000080000000, 0x0000000100000000)
  region size 1024K, 50 young (51200K), 4 survivors (4096K)
 Metaspace       used 66112K, committed 67712K, reserved 1114112K
  class space    used 9061K, committed 9856K, reserved 1048576K
}
Event: 11.892 GC heap after
{Heap after GC invocations=20 (full 0):
 garbage-first heap   total 107520K, used 48987K [0x0000000080000000, 0x0000000100000000)
  region size 1024K, 4 young (4096K), 4 survivors (4096K)
 Metaspace       used 66112K, committed 67712K, reserved 1114112K
  class space    used 9061K, committed 9856K, reserved 1048576K
}
Event: 12.412 GC heap before
{Heap before GC invocations=20 (full 0):
 garbage-first heap   total 107520K, used 106331K [0x0000000080000000, 0x0000000100000000)
  region size 1024K, 47 young (48128K), 4 survivors (4096K)
 Metaspace       used 66963K, committed 68544K, reserved 1114112K
  class space    used 9208K, committed 9984K, reserved 1048576K
}
Event: 12.420 GC heap after
{Heap after GC invocations=21 (full 0):
 garbage-first heap   total 119808K, used 68480K [0x0000000080000000, 0x0000000100000000)
  region size 1024K, 7 young (7168K), 7 survivors (7168K)
 Metaspace       used 66963K, committed 68544K, reserved 1114112K
  class space    used 9208K, committed 9984K, reserved 1048576K
}
Event: 12.619 GC heap before
{Heap before GC invocations=21 (full 0):
 garbage-first heap   total 119808K, used 78720K [0x0000000080000000, 0x0000000100000000)
  region size 1024K, 19 young (19456K), 7 survivors (7168K)
 Metaspace       used 67853K, committed 69504K, reserved 1114112K
  class space    used 9307K, committed 10112K, reserved 1048576K
}
Event: 12.623 GC heap after
{Heap after GC invocations=22 (full 0):
 garbage-first heap   total 119808K, used 70260K [0x0000000080000000, 0x0000000100000000)
  region size 1024K, 2 young (2048K), 2 survivors (2048K)
 Metaspace       used 67853K, committed 69504K, reserved 1114112K
  class space    used 9307K, committed 10112K, reserved 1048576K
}
Event: 13.342 GC heap before
{Heap before GC invocations=23 (full 0):
 garbage-first heap   total 126976K, used 106100K [0x0000000080000000, 0x0000000100000000)
  region size 1024K, 37 young (37888K), 2 survivors (2048K)
 Metaspace       used 71057K, committed 72704K, reserved 1114112K
  class space    used 9711K, committed 10496K, reserved 1048576K
}
Event: 13.345 GC heap after
{Heap after GC invocations=24 (full 0):
 garbage-first heap   total 126976K, used 71888K [0x0000000080000000, 0x0000000100000000)
  region size 1024K, 2 young (2048K), 2 survivors (2048K)
 Metaspace       used 71057K, committed 72704K, reserved 1114112K
  class space    used 9711K, committed 10496K, reserved 1048576K
}
Event: 14.118 GC heap before
{Heap before GC invocations=24 (full 0):
 garbage-first heap   total 126976K, used 112848K [0x0000000080000000, 0x0000000100000000)
  region size 1024K, 43 young (44032K), 2 survivors (2048K)
 Metaspace       used 75514K, committed 77312K, reserved 1179648K
  class space    used 10320K, committed 11200K, reserved 1048576K
}
Event: 14.123 GC heap after
{Heap after GC invocations=25 (full 0):
 garbage-first heap   total 126976K, used 73372K [0x0000000080000000, 0x0000000100000000)
  region size 1024K, 4 young (4096K), 4 survivors (4096K)
 Metaspace       used 75514K, committed 77312K, reserved 1179648K
  class space    used 10320K, committed 11200K, reserved 1048576K
}
Event: 14.253 GC heap before
{Heap before GC invocations=25 (full 0):
 garbage-first heap   total 126976K, used 76444K [0x0000000080000000, 0x0000000100000000)
  region size 1024K, 8 young (8192K), 4 survivors (4096K)
 Metaspace       used 76720K, committed 78528K, reserved 1179648K
  class space    used 10448K, committed 11328K, reserved 1048576K
}
Event: 14.258 GC heap after
{Heap after GC invocations=26 (full 0):
 garbage-first heap   total 126976K, used 74247K [0x0000000080000000, 0x0000000100000000)
  region size 1024K, 3 young (3072K), 3 survivors (3072K)
 Metaspace       used 76720K, committed 78528K, reserved 1179648K
  class space    used 10448K, committed 11328K, reserved 1048576K
}

