# JRE version: OpenJDK Runtime Environment (21.0.3) (build 21.0.3+-12282718-b509.11)
# Java VM: OpenJDK 64-Bit Server VM (21.0.3+-12282718-b509.11, mixed mode, tiered, compressed oops, compressed class ptrs, g1 gc, windows-amd64)
GC Precious Log:
 CardTable entry size: 512
 Card Set container configuration: InlinePtr #cards 5 size 8 Array Of Cards #cards 12 size 40 Howl #buckets 4 coarsen threshold 1843 Howl Bitmap #cards 512 size 80 coarsen threshold 460 Card regions per heap region 1 cards per card region 2048
 CPUs: 8 total, 8 available
 Memory: 7103M
 Large Page Support: Disabled
 NUMA Support: Disabled
 Compressed Oops: Enabled (32-bit)
 Heap Region Size: 1M
 Heap Min Capacity: 8M
 Heap Initial Capacity: 112M
 Heap Max Capacity: 2G
 Pre-touch: Disabled
 Parallel Workers: 8
 Concurrent Workers: 2
 Concurrent Refinement Workers: 8
 Periodic GC: Disabled
Heap:
 garbage-first heap   total 137216K, used 94448K [0x0000000080000000, 0x0000000100000000)
  region size 1024K, 19 young (19456K), 6 survivors (6144K)
 Metaspace       used 79307K, committed 81024K, reserved 1179648K
  class space    used 10861K, committed 11712K, reserved 1048576K
GC Heap History (20 events):
Event: 6.078 GC heap before
{Heap before GC invocations=9 (full 0):
 garbage-first heap   total 92160K, used 75835K [0x0000000080000000, 0x0000000100000000)
  region size 1024K, 32 young (32768K), 2 survivors (2048K)
 Metaspace       used 43556K, committed 44864K, reserved 1114112K
  class space    used 6128K, committed 6784K, reserved 1048576K
}
Event: 6.082 GC heap after
{Heap after GC invocations=10 (full 0):
 garbage-first heap   total 92160K, used 46619K [0x0000000080000000, 0x0000000100000000)
  region size 1024K, 4 young (4096K), 4 survivors (4096K)
 Metaspace       used 43556K, committed 44864K, reserved 1114112K
  class space    used 6128K, committed 6784K, reserved 1048576K
}
Event: 6.612 GC heap before
{Heap before GC invocations=10 (full 0):
 garbage-first heap   total 92160K, used 77339K [0x0000000080000000, 0x0000000100000000)
  region size 1024K, 35 young (35840K), 4 survivors (4096K)
 Metaspace       used 48918K, committed 50176K, reserved 1114112K
  class space    used 6673K, committed 7296K, reserved 1048576K
}
Event: 6.617 GC heap after
{Heap after GC invocations=11 (full 0):
 garbage-first heap   total 92160K, used 50648K [0x0000000080000000, 0x0000000100000000)
  region size 1024K, 5 young (5120K), 5 survivors (5120K)
 Metaspace       used 48918K, committed 50176K, reserved 1114112K
  class space    used 6673K, committed 7296K, reserved 1048576K
}
Event: 7.018 GC heap before
{Heap before GC invocations=12 (full 0):
 garbage-first heap   total 96256K, used 83416K [0x0000000080000000, 0x0000000100000000)
  region size 1024K, 33 young (33792K), 5 survivors (5120K)
 Metaspace       used 51508K, committed 52864K, reserved 1114112K
  class space    used 6941K, committed 7616K, reserved 1048576K
}
Event: 7.025 GC heap after
{Heap after GC invocations=13 (full 0):
 garbage-first heap   total 96256K, used 54301K [0x0000000080000000, 0x0000000100000000)
  region size 1024K, 4 young (4096K), 4 survivors (4096K)
 Metaspace       used 51508K, committed 52864K, reserved 1114112K
  class space    used 6941K, committed 7616K, reserved 1048576K
}
Event: 7.541 GC heap before
{Heap before GC invocations=13 (full 0):
 garbage-first heap   total 96256K, used 83997K [0x0000000080000000, 0x0000000100000000)
  region size 1024K, 33 young (33792K), 4 survivors (4096K)
 Metaspace       used 55135K, committed 56704K, reserved 1114112K
  class space    used 7561K, committed 8320K, reserved 1048576K
}
Event: 7.545 GC heap after
{Heap after GC invocations=14 (full 0):
 garbage-first heap   total 96256K, used 55719K [0x0000000080000000, 0x0000000100000000)
  region size 1024K, 2 young (2048K), 2 survivors (2048K)
 Metaspace       used 55135K, committed 56704K, reserved 1114112K
  class space    used 7561K, committed 8320K, reserved 1048576K
}
Event: 7.732 GC heap before
{Heap before GC invocations=14 (full 0):
 garbage-first heap   total 96256K, used 61863K [0x0000000080000000, 0x0000000100000000)
  region size 1024K, 10 young (10240K), 2 survivors (2048K)
 Metaspace       used 55745K, committed 57216K, reserved 1114112K
  class space    used 7672K, committed 8384K, reserved 1048576K
}
Event: 7.735 GC heap after
{Heap after GC invocations=15 (full 0):
 garbage-first heap   total 96256K, used 57062K [0x0000000080000000, 0x0000000100000000)
  region size 1024K, 3 young (3072K), 3 survivors (3072K)
 Metaspace       used 55745K, committed 57216K, reserved 1114112K
  class space    used 7672K, committed 8384K, reserved 1048576K
}
Event: 8.244 GC heap before
{Heap before GC invocations=16 (full 0):
 garbage-first heap   total 102400K, used 101094K [0x0000000080000000, 0x0000000100000000)
  region size 1024K, 31 young (31744K), 3 survivors (3072K)
 Metaspace       used 57891K, committed 59456K, reserved 1114112K
  class space    used 7813K, committed 8576K, reserved 1048576K
}
Event: 8.252 GC heap after
{Heap after GC invocations=17 (full 0):
 garbage-first heap   total 110592K, used 76660K [0x0000000080000000, 0x0000000100000000)
  region size 1024K, 4 young (4096K), 4 survivors (4096K)
 Metaspace       used 57891K, committed 59456K, reserved 1114112K
  class space    used 7813K, committed 8576K, reserved 1048576K
}
Event: 8.395 GC heap before
{Heap before GC invocations=17 (full 0):
 garbage-first heap   total 110592K, used 100212K [0x0000000080000000, 0x0000000100000000)
  region size 1024K, 27 young (27648K), 4 survivors (4096K)
 Metaspace       used 58462K, committed 60032K, reserved 1114112K
  class space    used 7911K, committed 8640K, reserved 1048576K
}
Event: 8.400 GC heap after
{Heap after GC invocations=18 (full 0):
 garbage-first heap   total 133120K, used 76330K [0x0000000080000000, 0x0000000100000000)
  region size 1024K, 1 young (1024K), 1 survivors (1024K)
 Metaspace       used 58462K, committed 60032K, reserved 1114112K
  class space    used 7911K, committed 8640K, reserved 1048576K
}
Event: 9.124 GC heap before
{Heap before GC invocations=18 (full 0):
 garbage-first heap   total 133120K, used 116266K [0x0000000080000000, 0x0000000100000000)
  region size 1024K, 40 young (40960K), 1 survivors (1024K)
 Metaspace       used 63719K, committed 65344K, reserved 1114112K
  class space    used 8673K, committed 9472K, reserved 1048576K
}
Event: 9.127 GC heap after
{Heap after GC invocations=19 (full 0):
 garbage-first heap   total 133120K, used 78242K [0x0000000080000000, 0x0000000100000000)
  region size 1024K, 3 young (3072K), 3 survivors (3072K)
 Metaspace       used 63719K, committed 65344K, reserved 1114112K
  class space    used 8673K, committed 9472K, reserved 1048576K
}
Event: 9.847 GC heap before
{Heap before GC invocations=20 (full 0):
 garbage-first heap   total 137216K, used 118178K [0x0000000080000000, 0x0000000100000000)
  region size 1024K, 42 young (43008K), 3 survivors (3072K)
 Metaspace       used 68567K, committed 70336K, reserved 1114112K
  class space    used 9439K, committed 10304K, reserved 1048576K
}
Event: 9.852 GC heap after
{Heap after GC invocations=21 (full 0):
 garbage-first heap   total 137216K, used 80838K [0x0000000080000000, 0x0000000100000000)
  region size 1024K, 5 young (5120K), 5 survivors (5120K)
 Metaspace       used 68567K, committed 70336K, reserved 1114112K
  class space    used 9439K, committed 10304K, reserved 1048576K
}
Event: 10.672 GC heap before
{Heap before GC invocations=21 (full 0):
 garbage-first heap   total 137216K, used 122822K [0x0000000080000000, 0x0000000100000000)
  region size 1024K, 46 young (47104K), 5 survivors (5120K)
 Metaspace       used 74873K, committed 76736K, reserved 1179648K
  class space    used 10304K, committed 11200K, reserved 1048576K
}
Event: 10.682 GC heap after
{Heap after GC invocations=22 (full 0):
 garbage-first heap   total 137216K, used 83184K [0x0000000080000000, 0x0000000100000000)
  region size 1024K, 6 young (6144K), 6 survivors (6144K)
 Metaspace       used 74873K, committed 76736K, reserved 1179648K
  class space    used 10304K, committed 11200K, reserved 1048576K
}

