# JRE version: OpenJDK Runtime Environment (21.0.3) (build 21.0.3+-12282718-b509.11)
# Java VM: OpenJDK 64-Bit Server VM (21.0.3+-12282718-b509.11, mixed mode, tiered, compressed oops, compressed class ptrs, g1 gc, windows-amd64)
GC Precious Log:
 CardTable entry size: 512
 Card Set container configuration: InlinePtr #cards 5 size 8 Array Of Cards #cards 12 size 40 Howl #buckets 4 coarsen threshold 1843 Howl Bitmap #cards 512 size 80 coarsen threshold 460 Card regions per heap region 1 cards per card region 2048
 CPUs: 8 total, 8 available
 Memory: 7103M
 Large Page Support: Disabled
 NUMA Support: Disabled
 Compressed Oops: Enabled (32-bit)
 Heap Region Size: 1M
 Heap Min Capacity: 8M
 Heap Initial Capacity: 112M
 Heap Max Capacity: 2G
 Pre-touch: Disabled
 Parallel Workers: 8
 Concurrent Workers: 2
 Concurrent Refinement Workers: 8
 Periodic GC: Disabled
Heap:
 garbage-first heap   total 129024K, used 88612K [0x0000000080000000, 0x0000000100000000)
  region size 1024K, 15 young (15360K), 4 survivors (4096K)
 Metaspace       used 76776K, committed 78528K, reserved 1179648K
  class space    used 10453K, committed 11328K, reserved 1048576K
GC Heap History (20 events):
Event: 10.774 GC heap before
{Heap before GC invocations=14 (full 0):
 garbage-first heap   total 89088K, used 78792K [0x0000000080000000, 0x0000000100000000)
  region size 1024K, 43 young (44032K), 3 survivors (3072K)
 Metaspace       used 64311K, committed 65920K, reserved 1114112K
  class space    used 8911K, committed 9664K, reserved 1048576K
}
Event: 10.780 GC heap after
{Heap after GC invocations=15 (full 0):
 garbage-first heap   total 89088K, used 40777K [0x0000000080000000, 0x0000000100000000)
  region size 1024K, 6 young (6144K), 6 survivors (6144K)
 Metaspace       used 64311K, committed 65920K, reserved 1114112K
  class space    used 8911K, committed 9664K, reserved 1048576K
}
Event: 11.583 GC heap before
{Heap before GC invocations=15 (full 0):
 garbage-first heap   total 89088K, used 75593K [0x0000000080000000, 0x0000000100000000)
  region size 1024K, 41 young (41984K), 6 survivors (6144K)
 Metaspace       used 65440K, committed 66944K, reserved 1114112K
  class space    used 9035K, committed 9792K, reserved 1048576K
}
Event: 11.594 GC heap after
{Heap after GC invocations=16 (full 0):
 garbage-first heap   total 89088K, used 44569K [0x0000000080000000, 0x0000000100000000)
  region size 1024K, 6 young (6144K), 6 survivors (6144K)
 Metaspace       used 65440K, committed 66944K, reserved 1114112K
  class space    used 9035K, committed 9792K, reserved 1048576K
}
Event: 11.931 GC heap before
{Heap before GC invocations=16 (full 0):
 garbage-first heap   total 89088K, used 76313K [0x0000000080000000, 0x0000000100000000)
  region size 1024K, 38 young (38912K), 6 survivors (6144K)
 Metaspace       used 65876K, committed 67456K, reserved 1114112K
  class space    used 9062K, committed 9856K, reserved 1048576K
}
Event: 11.938 GC heap after
{Heap after GC invocations=17 (full 0):
 garbage-first heap   total 89088K, used 47121K [0x0000000080000000, 0x0000000100000000)
  region size 1024K, 4 young (4096K), 4 survivors (4096K)
 Metaspace       used 65876K, committed 67456K, reserved 1114112K
  class space    used 9062K, committed 9856K, reserved 1048576K
}
Event: 12.175 GC heap before
{Heap before GC invocations=17 (full 0):
 garbage-first heap   total 89088K, used 77841K [0x0000000080000000, 0x0000000100000000)
  region size 1024K, 35 young (35840K), 4 survivors (4096K)
 Metaspace       used 66067K, committed 67648K, reserved 1114112K
  class space    used 9062K, committed 9856K, reserved 1048576K
}
Event: 12.180 GC heap after
{Heap after GC invocations=18 (full 0):
 garbage-first heap   total 107520K, used 47775K [0x0000000080000000, 0x0000000100000000)
  region size 1024K, 3 young (3072K), 3 survivors (3072K)
 Metaspace       used 66067K, committed 67648K, reserved 1114112K
  class space    used 9062K, committed 9856K, reserved 1048576K
}
Event: 12.500 GC heap before
{Heap before GC invocations=19 (full 0):
 garbage-first heap   total 107520K, used 93855K [0x0000000080000000, 0x0000000100000000)
  region size 1024K, 49 young (50176K), 3 survivors (3072K)
 Metaspace       used 66092K, committed 67648K, reserved 1114112K
  class space    used 9062K, committed 9856K, reserved 1048576K
}
Event: 12.505 GC heap after
{Heap after GC invocations=20 (full 0):
 garbage-first heap   total 107520K, used 48700K [0x0000000080000000, 0x0000000100000000)
  region size 1024K, 4 young (4096K), 4 survivors (4096K)
 Metaspace       used 66092K, committed 67648K, reserved 1114112K
  class space    used 9062K, committed 9856K, reserved 1048576K
}
Event: 13.102 GC heap before
{Heap before GC invocations=20 (full 0):
 garbage-first heap   total 107520K, used 106044K [0x0000000080000000, 0x0000000100000000)
  region size 1024K, 47 young (48128K), 4 survivors (4096K)
 Metaspace       used 66844K, committed 68416K, reserved 1114112K
  class space    used 9189K, committed 9984K, reserved 1048576K
}
Event: 13.109 GC heap after
{Heap after GC invocations=21 (full 0):
 garbage-first heap   total 119808K, used 68158K [0x0000000080000000, 0x0000000100000000)
  region size 1024K, 7 young (7168K), 7 survivors (7168K)
 Metaspace       used 66844K, committed 68416K, reserved 1114112K
  class space    used 9189K, committed 9984K, reserved 1048576K
}
Event: 13.360 GC heap before
{Heap before GC invocations=21 (full 0):
 garbage-first heap   total 119808K, used 80446K [0x0000000080000000, 0x0000000100000000)
  region size 1024K, 21 young (21504K), 7 survivors (7168K)
 Metaspace       used 67871K, committed 69504K, reserved 1114112K
  class space    used 9312K, committed 10112K, reserved 1048576K
}
Event: 13.364 GC heap after
{Heap after GC invocations=22 (full 0):
 garbage-first heap   total 119808K, used 70140K [0x0000000080000000, 0x0000000100000000)
  region size 1024K, 2 young (2048K), 2 survivors (2048K)
 Metaspace       used 67871K, committed 69504K, reserved 1114112K
  class space    used 9312K, committed 10112K, reserved 1048576K
}
Event: 14.026 GC heap before
{Heap before GC invocations=23 (full 0):
 garbage-first heap   total 124928K, used 100860K [0x0000000080000000, 0x0000000100000000)
  region size 1024K, 32 young (32768K), 2 survivors (2048K)
 Metaspace       used 70473K, committed 72128K, reserved 1114112K
  class space    used 9649K, committed 10432K, reserved 1048576K
}
Event: 14.029 GC heap after
{Heap after GC invocations=24 (full 0):
 garbage-first heap   total 124928K, used 71878K [0x0000000080000000, 0x0000000100000000)
  region size 1024K, 3 young (3072K), 3 survivors (3072K)
 Metaspace       used 70473K, committed 72128K, reserved 1114112K
  class space    used 9649K, committed 10432K, reserved 1048576K
}
Event: 14.820 GC heap before
{Heap before GC invocations=24 (full 0):
 garbage-first heap   total 124928K, used 105670K [0x0000000080000000, 0x0000000100000000)
  region size 1024K, 37 young (37888K), 3 survivors (3072K)
 Metaspace       used 74423K, committed 76096K, reserved 1179648K
  class space    used 10135K, committed 10944K, reserved 1048576K
}
Event: 14.824 GC heap after
{Heap after GC invocations=25 (full 0):
 garbage-first heap   total 124928K, used 72397K [0x0000000080000000, 0x0000000100000000)
  region size 1024K, 4 young (4096K), 4 survivors (4096K)
 Metaspace       used 74423K, committed 76096K, reserved 1179648K
  class space    used 10135K, committed 10944K, reserved 1048576K
}
Event: 15.186 GC heap before
{Heap before GC invocations=25 (full 0):
 garbage-first heap   total 124928K, used 87757K [0x0000000080000000, 0x0000000100000000)
  region size 1024K, 21 young (21504K), 4 survivors (4096K)
 Metaspace       used 76769K, committed 78528K, reserved 1179648K
  class space    used 10453K, committed 11328K, reserved 1048576K
}
Event: 15.191 GC heap after
{Heap after GC invocations=26 (full 0):
 garbage-first heap   total 124928K, used 74276K [0x0000000080000000, 0x0000000100000000)
  region size 1024K, 4 young (4096K), 4 survivors (4096K)
 Metaspace       used 76769K, committed 78528K, reserved 1179648K
  class space    used 10453K, committed 11328K, reserved 1048576K
}

