# JRE version: OpenJDK Runtime Environment (21.0.3) (build 21.0.3+-12282718-b509.11)
# Java VM: OpenJDK 64-Bit Server VM (21.0.3+-12282718-b509.11, mixed mode, tiered, compressed oops, compressed class ptrs, g1 gc, windows-amd64)
GC Precious Log:
 CardTable entry size: 512
 Card Set container configuration: InlinePtr #cards 5 size 8 Array Of Cards #cards 12 size 40 Howl #buckets 4 coarsen threshold 1843 Howl Bitmap #cards 512 size 80 coarsen threshold 460 Card regions per heap region 1 cards per card region 2048
 CPUs: 8 total, 8 available
 Memory: 7103M
 Large Page Support: Disabled
 NUMA Support: Disabled
 Compressed Oops: Enabled (32-bit)
 Heap Region Size: 1M
 Heap Min Capacity: 8M
 Heap Initial Capacity: 112M
 Heap Max Capacity: 2G
 Pre-touch: Disabled
 Parallel Workers: 8
 Concurrent Workers: 2
 Concurrent Refinement Workers: 8
 Periodic GC: Disabled
Heap:
 garbage-first heap   total 176128K, used 120664K [0x0000000080000000, 0x0000000100000000)
  region size 1024K, 17 young (17408K), 5 survivors (5120K)
 Metaspace       used 109252K, committed 111360K, reserved 1179648K
  class space    used 15190K, committed 16256K, reserved 1048576K
GC Heap History (20 events):
Event: 16.495 GC heap before
{Heap before GC invocations=25 (full 0):
 garbage-first heap   total 130048K, used 114888K [0x0000000080000000, 0x0000000100000000)
  region size 1024K, 43 young (44032K), 6 survivors (6144K)
 Metaspace       used 81258K, committed 83136K, reserved 1179648K
  class space    used 11087K, committed 12032K, reserved 1048576K
}
Event: 16.503 GC heap after
{Heap after GC invocations=26 (full 0):
 garbage-first heap   total 156672K, used 80420K [0x0000000080000000, 0x0000000100000000)
  region size 1024K, 3 young (3072K), 3 survivors (3072K)
 Metaspace       used 81258K, committed 83136K, reserved 1179648K
  class space    used 11087K, committed 12032K, reserved 1048576K
}
Event: 17.774 GC heap before
{Heap before GC invocations=27 (full 0):
 garbage-first heap   total 156672K, used 145956K [0x0000000080000000, 0x0000000100000000)
  region size 1024K, 63 young (64512K), 3 survivors (3072K)
 Metaspace       used 87082K, committed 88896K, reserved 1179648K
  class space    used 11828K, committed 12736K, reserved 1048576K
}
Event: 17.780 GC heap after
{Heap after GC invocations=28 (full 0):
 garbage-first heap   total 156672K, used 88493K [0x0000000080000000, 0x0000000100000000)
  region size 1024K, 6 young (6144K), 6 survivors (6144K)
 Metaspace       used 87082K, committed 88896K, reserved 1179648K
  class space    used 11828K, committed 12736K, reserved 1048576K
}
Event: 18.493 GC heap before
{Heap before GC invocations=28 (full 0):
 garbage-first heap   total 156672K, used 140717K [0x0000000080000000, 0x0000000100000000)
  region size 1024K, 57 young (58368K), 6 survivors (6144K)
 Metaspace       used 89271K, committed 91136K, reserved 1179648K
  class space    used 12118K, committed 13056K, reserved 1048576K
}
Event: 18.505 GC heap after
{Heap after GC invocations=29 (full 0):
 garbage-first heap   total 156672K, used 91795K [0x0000000080000000, 0x0000000100000000)
  region size 1024K, 8 young (8192K), 8 survivors (8192K)
 Metaspace       used 89271K, committed 91136K, reserved 1179648K
  class space    used 12118K, committed 13056K, reserved 1048576K
}
Event: 18.694 GC heap before
{Heap before GC invocations=29 (full 0):
 garbage-first heap   total 156672K, used 103059K [0x0000000080000000, 0x0000000100000000)
  region size 1024K, 20 young (20480K), 8 survivors (8192K)
 Metaspace       used 90128K, committed 91968K, reserved 1179648K
  class space    used 12242K, committed 13184K, reserved 1048576K
}
Event: 18.702 GC heap after
{Heap after GC invocations=30 (full 0):
 garbage-first heap   total 156672K, used 93257K [0x0000000080000000, 0x0000000100000000)
  region size 1024K, 2 young (2048K), 2 survivors (2048K)
 Metaspace       used 90128K, committed 91968K, reserved 1179648K
  class space    used 12242K, committed 13184K, reserved 1048576K
}
Event: 19.805 GC heap before
{Heap before GC invocations=31 (full 0):
 garbage-first heap   total 165888K, used 145481K [0x0000000080000000, 0x0000000100000000)
  region size 1024K, 52 young (53248K), 2 survivors (2048K)
 Metaspace       used 94189K, committed 96128K, reserved 1179648K
  class space    used 12974K, committed 13952K, reserved 1048576K
}
Event: 19.810 GC heap after
{Heap after GC invocations=32 (full 0):
 garbage-first heap   total 165888K, used 94439K [0x0000000080000000, 0x0000000100000000)
  region size 1024K, 3 young (3072K), 3 survivors (3072K)
 Metaspace       used 94189K, committed 96128K, reserved 1179648K
  class space    used 12974K, committed 13952K, reserved 1048576K
}
Event: 20.961 GC heap before
{Heap before GC invocations=32 (full 0):
 garbage-first heap   total 165888K, used 152807K [0x0000000080000000, 0x0000000100000000)
  region size 1024K, 60 young (61440K), 3 survivors (3072K)
 Metaspace       used 98267K, committed 100224K, reserved 1179648K
  class space    used 13539K, committed 14528K, reserved 1048576K
}
Event: 20.969 GC heap after
{Heap after GC invocations=33 (full 0):
 garbage-first heap   total 165888K, used 97304K [0x0000000080000000, 0x0000000100000000)
  region size 1024K, 7 young (7168K), 7 survivors (7168K)
 Metaspace       used 98267K, committed 100224K, reserved 1179648K
  class space    used 13539K, committed 14528K, reserved 1048576K
}
Event: 22.069 GC heap before
{Heap before GC invocations=33 (full 0):
 garbage-first heap   total 165888K, used 148504K [0x0000000080000000, 0x0000000100000000)
  region size 1024K, 57 young (58368K), 7 survivors (7168K)
 Metaspace       used 102398K, committed 104512K, reserved 1179648K
  class space    used 14167K, committed 15232K, reserved 1048576K
}
Event: 22.079 GC heap after
{Heap after GC invocations=34 (full 0):
 garbage-first heap   total 165888K, used 100242K [0x0000000080000000, 0x0000000100000000)
  region size 1024K, 7 young (7168K), 7 survivors (7168K)
 Metaspace       used 102398K, committed 104512K, reserved 1179648K
  class space    used 14167K, committed 15232K, reserved 1048576K
}
Event: 23.030 GC heap before
{Heap before GC invocations=35 (full 0):
 garbage-first heap   total 176128K, used 147346K [0x0000000080000000, 0x0000000100000000)
  region size 1024K, 53 young (54272K), 7 survivors (7168K)
 Metaspace       used 105908K, committed 107968K, reserved 1179648K
  class space    used 14654K, committed 15680K, reserved 1048576K
}
Event: 23.041 GC heap after
{Heap after GC invocations=36 (full 0):
 garbage-first heap   total 176128K, used 103134K [0x0000000080000000, 0x0000000100000000)
  region size 1024K, 7 young (7168K), 7 survivors (7168K)
 Metaspace       used 105908K, committed 107968K, reserved 1179648K
  class space    used 14654K, committed 15680K, reserved 1048576K
}
Event: 24.000 GC heap before
{Heap before GC invocations=36 (full 0):
 garbage-first heap   total 176128K, used 156382K [0x0000000080000000, 0x0000000100000000)
  region size 1024K, 60 young (61440K), 7 survivors (7168K)
 Metaspace       used 108842K, committed 110912K, reserved 1179648K
  class space    used 15116K, committed 16128K, reserved 1048576K
}
Event: 24.013 GC heap after
{Heap after GC invocations=37 (full 0):
 garbage-first heap   total 176128K, used 107720K [0x0000000080000000, 0x0000000100000000)
  region size 1024K, 8 young (8192K), 8 survivors (8192K)
 Metaspace       used 108842K, committed 110912K, reserved 1179648K
  class space    used 15116K, committed 16128K, reserved 1048576K
}
Event: 24.454 GC heap before
{Heap before GC invocations=37 (full 0):
 garbage-first heap   total 176128K, used 155848K [0x0000000080000000, 0x0000000100000000)
  region size 1024K, 56 young (57344K), 8 survivors (8192K)
 Metaspace       used 109141K, committed 111232K, reserved 1179648K
  class space    used 15172K, committed 16192K, reserved 1048576K
}
Event: 24.466 GC heap after
{Heap after GC invocations=38 (full 0):
 garbage-first heap   total 176128K, used 110424K [0x0000000080000000, 0x0000000100000000)
  region size 1024K, 5 young (5120K), 5 survivors (5120K)
 Metaspace       used 109141K, committed 111232K, reserved 1179648K
  class space    used 15172K, committed 16192K, reserved 1048576K
}

