# JRE version: OpenJDK Runtime Environment (21.0.3) (build 21.0.3+-12282718-b509.11)
# Java VM: OpenJDK 64-Bit Server VM (21.0.3+-12282718-b509.11, mixed mode, tiered, compressed oops, compressed class ptrs, g1 gc, windows-amd64)
GC Precious Log:
 CardTable entry size: 512
 Card Set container configuration: InlinePtr #cards 5 size 8 Array Of Cards #cards 12 size 40 Howl #buckets 4 coarsen threshold 1843 Howl Bitmap #cards 512 size 80 coarsen threshold 460 Card regions per heap region 1 cards per card region 2048
 CPUs: 8 total, 8 available
 Memory: 7103M
 Large Page Support: Disabled
 NUMA Support: Disabled
 Compressed Oops: Enabled (32-bit)
 Heap Region Size: 1M
 Heap Min Capacity: 8M
 Heap Initial Capacity: 112M
 Heap Max Capacity: 2G
 Pre-touch: Disabled
 Parallel Workers: 8
 Concurrent Workers: 2
 Concurrent Refinement Workers: 8
 Periodic GC: Disabled
Heap:
 garbage-first heap   total 206848K, used 178517K [0x0000000080000000, 0x0000000100000000)
  region size 1024K, 40 young (40960K), 8 survivors (8192K)
 Metaspace       used 118357K, committed 120448K, reserved 1179648K
  class space    used 16224K, committed 17280K, reserved 1048576K
GC Heap History (20 events):
Event: 21.347 GC heap before
{Heap before GC invocations=29 (full 0):
 garbage-first heap   total 134144K, used 105887K [0x0000000080000000, 0x0000000100000000)
  region size 1024K, 26 young (26624K), 3 survivors (3072K)
 Metaspace       used 88817K, committed 90688K, reserved 1179648K
  class space    used 12064K, committed 12992K, reserved 1048576K
}
Event: 21.352 GC heap after
{Heap after GC invocations=30 (full 0):
 garbage-first heap   total 134144K, used 84418K [0x0000000080000000, 0x0000000100000000)
  region size 1024K, 4 young (4096K), 4 survivors (4096K)
 Metaspace       used 88817K, committed 90688K, reserved 1179648K
  class space    used 12064K, committed 12992K, reserved 1048576K
}
Event: 22.079 GC heap before
{Heap before GC invocations=31 (full 0):
 garbage-first heap   total 153600K, used 125378K [0x0000000080000000, 0x0000000100000000)
  region size 1024K, 40 young (40960K), 4 survivors (4096K)
 Metaspace       used 92057K, committed 93952K, reserved 1179648K
  class space    used 12480K, committed 13440K, reserved 1048576K
}
Event: 22.086 GC heap after
{Heap after GC invocations=32 (full 0):
 garbage-first heap   total 153600K, used 91076K [0x0000000080000000, 0x0000000100000000)
  region size 1024K, 4 young (4096K), 4 survivors (4096K)
 Metaspace       used 92057K, committed 93952K, reserved 1179648K
  class space    used 12480K, committed 13440K, reserved 1048576K
}
Event: 22.727 GC heap before
{Heap before GC invocations=32 (full 0):
 garbage-first heap   total 153600K, used 137156K [0x0000000080000000, 0x0000000100000000)
  region size 1024K, 49 young (50176K), 4 survivors (4096K)
 Metaspace       used 93425K, committed 95360K, reserved 1179648K
  class space    used 12657K, committed 13632K, reserved 1048576K
}
Event: 22.738 GC heap after
{Heap after GC invocations=33 (full 0):
 garbage-first heap   total 153600K, used 94208K [0x0000000080000000, 0x0000000100000000)
  region size 1024K, 7 young (7168K), 7 survivors (7168K)
 Metaspace       used 93425K, committed 95360K, reserved 1179648K
  class space    used 12657K, committed 13632K, reserved 1048576K
}
Event: 23.340 GC heap before
{Heap before GC invocations=33 (full 0):
 garbage-first heap   total 153600K, used 124928K [0x0000000080000000, 0x0000000100000000)
  region size 1024K, 38 young (38912K), 7 survivors (7168K)
 Metaspace       used 95813K, committed 97728K, reserved 1179648K
  class space    used 12985K, committed 13952K, reserved 1048576K
}
Event: 23.350 GC heap after
{Heap after GC invocations=34 (full 0):
 garbage-first heap   total 184320K, used 96849K [0x0000000080000000, 0x0000000100000000)
  region size 1024K, 3 young (3072K), 3 survivors (3072K)
 Metaspace       used 95813K, committed 97728K, reserved 1179648K
  class space    used 12985K, committed 13952K, reserved 1048576K
}
Event: 24.718 GC heap before
{Heap before GC invocations=34 (full 0):
 garbage-first heap   total 184320K, used 163409K [0x0000000080000000, 0x0000000100000000)
  region size 1024K, 67 young (68608K), 3 survivors (3072K)
 Metaspace       used 100984K, committed 102912K, reserved 1179648K
  class space    used 13856K, committed 14848K, reserved 1048576K
}
Event: 24.724 GC heap after
{Heap after GC invocations=35 (full 0):
 garbage-first heap   total 184320K, used 98247K [0x0000000080000000, 0x0000000100000000)
  region size 1024K, 4 young (4096K), 4 survivors (4096K)
 Metaspace       used 100984K, committed 102912K, reserved 1179648K
  class space    used 13856K, committed 14848K, reserved 1048576K
}
Event: 26.112 GC heap before
{Heap before GC invocations=35 (full 0):
 garbage-first heap   total 184320K, used 164807K [0x0000000080000000, 0x0000000100000000)
  region size 1024K, 69 young (70656K), 4 survivors (4096K)
 Metaspace       used 105845K, committed 107904K, reserved 1179648K
  class space    used 14552K, committed 15616K, reserved 1048576K
}
Event: 26.125 GC heap after
{Heap after GC invocations=36 (full 0):
 garbage-first heap   total 184320K, used 102789K [0x0000000080000000, 0x0000000100000000)
  region size 1024K, 9 young (9216K), 9 survivors (9216K)
 Metaspace       used 105845K, committed 107904K, reserved 1179648K
  class space    used 14552K, committed 15616K, reserved 1048576K
}
Event: 27.478 GC heap before
{Heap before GC invocations=37 (full 0):
 garbage-first heap   total 184320K, used 164229K [0x0000000080000000, 0x0000000100000000)
  region size 1024K, 69 young (70656K), 9 survivors (9216K)
 Metaspace       used 110921K, committed 113024K, reserved 1179648K
  class space    used 15299K, committed 16320K, reserved 1048576K
}
Event: 27.490 GC heap after
{Heap after GC invocations=38 (full 0):
 garbage-first heap   total 184320K, used 106246K [0x0000000080000000, 0x0000000100000000)
  region size 1024K, 8 young (8192K), 8 survivors (8192K)
 Metaspace       used 110921K, committed 113024K, reserved 1179648K
  class space    used 15299K, committed 16320K, reserved 1048576K
}
Event: 28.671 GC heap before
{Heap before GC invocations=38 (full 0):
 garbage-first heap   total 184320K, used 165638K [0x0000000080000000, 0x0000000100000000)
  region size 1024K, 67 young (68608K), 8 survivors (8192K)
 Metaspace       used 114483K, committed 116544K, reserved 1179648K
  class space    used 15840K, committed 16896K, reserved 1048576K
}
Event: 28.690 GC heap after
{Heap after GC invocations=39 (full 0):
 garbage-first heap   total 184320K, used 111491K [0x0000000080000000, 0x0000000100000000)
  region size 1024K, 9 young (9216K), 9 survivors (9216K)
 Metaspace       used 114483K, committed 116544K, reserved 1179648K
  class space    used 15840K, committed 16896K, reserved 1048576K
}
Event: 29.113 GC heap before
{Heap before GC invocations=39 (full 0):
 garbage-first heap   total 184320K, used 165763K [0x0000000080000000, 0x0000000100000000)
  region size 1024K, 62 young (63488K), 9 survivors (9216K)
 Metaspace       used 114754K, committed 116864K, reserved 1179648K
  class space    used 15891K, committed 16960K, reserved 1048576K
}
Event: 29.128 GC heap after
{Heap after GC invocations=40 (full 0):
 garbage-first heap   total 184320K, used 114688K [0x0000000080000000, 0x0000000100000000)
  region size 1024K, 4 young (4096K), 4 survivors (4096K)
 Metaspace       used 114754K, committed 116864K, reserved 1179648K
  class space    used 15891K, committed 16960K, reserved 1048576K
}
Event: 30.123 GC heap before
{Heap before GC invocations=41 (full 0):
 garbage-first heap   total 206848K, used 175104K [0x0000000080000000, 0x0000000100000000)
  region size 1024K, 57 young (58368K), 4 survivors (4096K)
 Metaspace       used 118037K, committed 120192K, reserved 1179648K
  class space    used 16195K, committed 17280K, reserved 1048576K
}
Event: 30.139 GC heap after
{Heap after GC invocations=42 (full 0):
 garbage-first heap   total 206848K, used 132437K [0x0000000080000000, 0x0000000100000000)
  region size 1024K, 8 young (8192K), 8 survivors (8192K)
 Metaspace       used 118037K, committed 120192K, reserved 1179648K
  class space    used 16195K, committed 17280K, reserved 1048576K
}

